#
# There is insufficient memory for the Java Runtime Environment to continue.
# Native memory allocation (mmap) failed to map 134217728 bytes for Failed to commit area from 0x0000000081e00000 to 0x0000000089e00000 of length 134217728.
# Possible reasons:
#   The system is out of physical RAM or swap space
#   The process is running with CompressedOops enabled, and the Java Heap may be blocking the growth of the native heap
# Possible solutions:
#   Reduce memory load on the system
#   Increase physical memory or swap space
#   Check if swap backing store is full
#   Decrease Java heap size (-Xmx/-Xms)
#   Decrease number of Java threads
#   Decrease Java thread stack sizes (-Xss)
#   Set larger code cache with -XX:ReservedCodeCacheSize=
#   JVM is running with Unscaled Compressed Oops mode in which the Java heap is
#     placed in the first 4GB address space. The Java Heap base address is the
#     maximum limit for the native heap growth. Please use -XX:HeapBaseMinAddress
#     to set the Java Heap base and to place the Java Heap above 4GB virtual address.
# This output file may be truncated or incomplete.
#
#  Out of Memory Error (./open/src/hotspot/os/windows/os_windows.cpp:3315), pid=17220, tid=18336
#
# JRE version:  (14.0.2+12) (build )
# Java VM: Java HotSpot(TM) 64-Bit Server VM (14.0.2+12-46, mixed mode, sharing, tiered, compressed oops, g1 gc, windows-amd64)
# No core dump will be written. Minidumps are not enabled by default on client versions of Windows
#

---------------  S U M M A R Y ------------

Command Line: -Dfile.encoding=Cp1255 -XX:+ShowCodeDetailsInExceptionMessages hw1_Ron_hasan.ClassMain

Host: Intel(R) Core(TM) i7-8750H CPU @ 2.20GHz, 12 cores, 7G,  Windows 10 , 64 bit Build 19041 (10.0.19041.1566)
Time: Wed Apr 13 21:06:07 2022 שעון קיץ ירושלים elapsed time: 0 seconds (0d 0h 0m 0s)

---------------  T H R E A D  ---------------

Current thread (0x00000195dbe18000):  JavaThread "Unknown thread" [_thread_in_vm, id=18336, stack(0x0000000949700000,0x0000000949800000)]

Stack: [0x0000000949700000,0x0000000949800000]
Native frames: (J=compiled Java code, j=interpreted, Vv=VM code, C=native code)
V  [jvm.dll+0x5f8a9a]
V  [jvm.dll+0x74247a]
V  [jvm.dll+0x743c2f]
V  [jvm.dll+0x744273]
V  [jvm.dll+0x20d288]
V  [jvm.dll+0x5f5dea]
V  [jvm.dll+0x5eac45]
V  [jvm.dll+0x2c7e9c]
V  [jvm.dll+0x2c7cd2]
V  [jvm.dll+0x2cdbbc]
V  [jvm.dll+0x313fe8]
V  [jvm.dll+0x313710]
V  [jvm.dll+0x2a092a]
V  [jvm.dll+0x2a1a79]
V  [jvm.dll+0x71fd48]
V  [jvm.dll+0x321c14]
V  [jvm.dll+0x70112c]
V  [jvm.dll+0x392def]
V  [jvm.dll+0x394e61]
C  [jli.dll+0x524b]
C  [ucrtbase.dll+0x21bb2]
C  [KERNEL32.DLL+0x17034]
C  [ntdll.dll+0x52651]


---------------  P R O C E S S  ---------------

Threads class SMR info:
_java_thread_list=0x00007ffca69e3038, length=0, elements={
}

Java Threads: ( => current thread )

Other Threads:
  0x00000195dbe5f000 GCTaskThread "GC Thread#0" [stack: 0x0000000949800000,0x0000000949900000] [id=3244]
  0x00000195dbe70800 ConcurrentGCThread "G1 Main Marker" [stack: 0x0000000949900000,0x0000000949a00000] [id=17508]
  0x00000195dbe74000 ConcurrentGCThread "G1 Conc#0" [stack: 0x0000000949a00000,0x0000000949b00000] [id=1112]

[error occurred during error reporting (printing all threads), id 0xc0000005, EXCEPTION_ACCESS_VIOLATION (0xc0000005) at pc=0x00007ffca6211257]

VM state:not at safepoint (not fully initialized)

VM Mutex/Monitor currently owned by a thread:  ([mutex/lock_event])
[0x00000195dbe15990] Heap_lock - owner thread: 0x00000195dbe18000

Heap address: 0x0000000081e00000, size: 2018 MB, Compressed Oops mode: 32-bit
Narrow klass base: 0x0000000000000000, Narrow klass shift: 0

GC Heap History (0 events):
No events

Deoptimization events (0 events):
No events

Classes unloaded (0 events):
No events

Classes redefined (0 events):
No events

Internal exceptions (0 events):
No events

Events (2 events):
Event: 0.012 Loaded shared library C:\Program Files\Java\jdk-14.0.2\bin\java.dll
Event: 0.012 Loaded shared library C:\Program Files\Java\jdk-14.0.2\bin\zip.dll


Dynamic libraries:
0x00007ff6fa400000 - 0x00007ff6fa40f000 	C:\Program Files\Java\jdk-14.0.2\bin\javaw.exe
0x00007ffd11c50000 - 0x00007ffd11e45000 	C:\WINDOWS\SYSTEM32\ntdll.dll
0x00007ffd10c40000 - 0x00007ffd10cfe000 	C:\WINDOWS\System32\KERNEL32.DLL
0x00007ffd0f940000 - 0x00007ffd0fc08000 	C:\WINDOWS\System32\KERNELBASE.dll
0x00007ffd0f840000 - 0x00007ffd0f940000 	C:\WINDOWS\System32\ucrtbase.dll
0x00007ffcd97b0000 - 0x00007ffcd97c8000 	C:\Program Files\Java\jdk-14.0.2\bin\jli.dll
0x00007ffcd9750000 - 0x00007ffcd9765000 	C:\Program Files\Java\jdk-14.0.2\bin\VCRUNTIME140.dll
0x00007ffd11ac0000 - 0x00007ffd11b6e000 	C:\WINDOWS\System32\ADVAPI32.dll
0x00007ffd11810000 - 0x00007ffd118ae000 	C:\WINDOWS\System32\msvcrt.dll
0x00007ffd10930000 - 0x00007ffd109cc000 	C:\WINDOWS\System32\sechost.dll
0x00007ffd114e0000 - 0x00007ffd11605000 	C:\WINDOWS\System32\RPCRT4.dll
0x00007ffd11670000 - 0x00007ffd11810000 	C:\WINDOWS\System32\USER32.dll
0x00007ffd0f7a0000 - 0x00007ffd0f7c2000 	C:\WINDOWS\System32\win32u.dll
0x00007ffd11640000 - 0x00007ffd1166b000 	C:\WINDOWS\System32\GDI32.dll
0x00007ffd0e780000 - 0x00007ffd0ea1a000 	C:\WINDOWS\WinSxS\amd64_microsoft.windows.common-controls_6595b64144ccf1df_6.0.19041.1110_none_60b5254171f9507e\COMCTL32.dll
0x00007ffd0f690000 - 0x00007ffd0f79b000 	C:\WINDOWS\System32\gdi32full.dll
0x00007ffd0fc10000 - 0x00007ffd0fcad000 	C:\WINDOWS\System32\msvcp_win.dll
0x00007ffd03ff0000 - 0x00007ffd03ffa000 	C:\WINDOWS\SYSTEM32\VERSION.dll
0x00007ffd11610000 - 0x00007ffd11640000 	C:\WINDOWS\System32\IMM32.DLL
0x00007ffcd39d0000 - 0x00007ffcd3a6b000 	C:\Program Files\Java\jdk-14.0.2\bin\msvcp140.dll
0x00007ffca5f60000 - 0x00007ffca6a7e000 	C:\Program Files\Java\jdk-14.0.2\bin\server\jvm.dll
0x00007ffd11c00000 - 0x00007ffd11c08000 	C:\WINDOWS\System32\PSAPI.DLL
0x00007ffd07880000 - 0x00007ffd07889000 	C:\WINDOWS\SYSTEM32\WSOCK32.dll
0x00007ffd03c10000 - 0x00007ffd03c37000 	C:\WINDOWS\SYSTEM32\WINMM.dll
0x00007ffd10ef0000 - 0x00007ffd10f5b000 	C:\WINDOWS\System32\WS2_32.dll
0x00007ffd0d5c0000 - 0x00007ffd0d5d2000 	C:\WINDOWS\SYSTEM32\kernel.appcore.dll
0x00007ffd06950000 - 0x00007ffd0695a000 	C:\Program Files\Java\jdk-14.0.2\bin\jimage.dll
0x00007ffd0ed90000 - 0x00007ffd0ef74000 	C:\WINDOWS\SYSTEM32\DBGHELP.DLL
0x00007ffd0eb40000 - 0x00007ffd0eb6c000 	C:\WINDOWS\SYSTEM32\dbgcore.DLL
0x00007ffd0f5b0000 - 0x00007ffd0f632000 	C:\WINDOWS\System32\bcryptPrimitives.dll
0x00007ffcd9990000 - 0x00007ffcd99b5000 	C:\Program Files\Java\jdk-14.0.2\bin\java.dll
0x00007ffcf7d10000 - 0x00007ffcf7d26000 	C:\Program Files\Java\jdk-14.0.2\bin\zip.dll

dbghelp: loaded successfully - version: 4.0.5 - missing functions: none
symbol engine: initialized successfully - sym options: 0x614 - pdb path: .;C:\Program Files\Java\jdk-14.0.2\bin;C:\WINDOWS\SYSTEM32;C:\WINDOWS\WinSxS\amd64_microsoft.windows.common-controls_6595b64144ccf1df_6.0.19041.1110_none_60b5254171f9507e;C:\Program Files\Java\jdk-14.0.2\bin\server

VM Arguments:
jvm_args: -Dfile.encoding=Cp1255 -XX:+ShowCodeDetailsInExceptionMessages 
java_command: hw1_Ron_hasan.ClassMain
java_class_path (initial): C:\Users\hasan\eclipse-workspace\hw1_Ron_hasan\bin
Launcher Type: SUN_STANDARD

[Global flags]
     intx CICompilerCount                          = 4                                         {product} {ergonomic}
     uint ConcGCThreads                            = 3                                         {product} {ergonomic}
     uint G1ConcRefinementThreads                  = 10                                        {product} {ergonomic}
   size_t G1HeapRegionSize                         = 1048576                                   {product} {ergonomic}
    uintx GCDrainStackTargetSize                   = 64                                        {product} {ergonomic}
   size_t InitialHeapSize                          = 134217728                                 {product} {ergonomic}
   size_t MarkStackSize                            = 4194304                                   {product} {ergonomic}
   size_t MaxHeapSize                              = 2116026368                                {product} {ergonomic}
   size_t MinHeapDeltaBytes                        = 1048576                                   {product} {ergonomic}
   size_t MinHeapSize                              = 8388608                                   {product} {ergonomic}
    uintx NonNMethodCodeHeapSize                   = 5839372                                {pd product} {ergonomic}
    uintx NonProfiledCodeHeapSize                  = 122909434                              {pd product} {ergonomic}
    uintx ProfiledCodeHeapSize                     = 122909434                              {pd product} {ergonomic}
    uintx ReservedCodeCacheSize                    = 251658240                              {pd product} {ergonomic}
     bool SegmentedCodeCache                       = true                                      {product} {ergonomic}
     bool ShowCodeDetailsInExceptionMessages       = true                                   {manageable} {command line}
   size_t SoftMaxHeapSize                          = 2116026368                             {manageable} {ergonomic}
     bool UseCompressedClassPointers               = true                                 {lp64_product} {ergonomic}
     bool UseCompressedOops                        = true                                 {lp64_product} {ergonomic}
     bool UseG1GC                                  = true                                      {product} {ergonomic}
     bool UseLargePagesIndividualAllocation        = false                                  {pd product} {ergonomic}

Logging:
Log output configuration:
 #0: stdout all=warning uptime,level,tags
 #1: stderr all=off uptime,level,tags

Environment Variables:
JAVA_HOME=C:\Program Files\Java\jdk-14.0.2
CLASSPATH=.;C:\Program Files\Java\jdk-14.0.2\lib\dt.jar;C:\Program Files\Java\jdk-14.0.2\lib\tools.jar;
PATH=C:/Program Files/Java/jdk-14.0.2/bin/server;C:/Program Files/Java/jdk-14.0.2/bin;C:\Program Files\Microsoft MPI\Bin\;C:\Program Files\Java\jdk-14.0.2\bin;C:\Program Files\Microsoft SQL Server\Client SDK\ODBC\170\Tools\Binn\;C:\Program Files (x86)\Microsoft SQL Server\150\Tools\Binn\;C:\Program Files\Microsoft SQL Server\150\Tools\Binn\;C:\Program Files\Microsoft SQL Server\150\DTS\Binn\;C:\Program Files (x86)\Microsoft SQL Server\150\DTS\Binn\;C:\Program Files\Azure Data Studio\bin;C:\Program Files\Microsoft SQL Server\Client SDK\ODBC\130\Tools\Binn\;C:\Program Files\Microsoft SQL Server\140\DTS\Binn\;C:\Users\hasan\AppData\Local\Programs\Python\Python310\Scripts\;C:\Users\hasan\AppData\Local\Programs\Python\Python310\;C:\Users\hasan\AppData\Local\Microsoft\WindowsApps;;C:\Users\hasan\Desktop\Microsoft VS Code\bin;D:\Microsoft VS Code\bin;C:\Program Files\Azure Data Studio\bin;C:\Users\hasan\Desktop;
USERNAME=hasan
OS=Windows_NT
PROCESSOR_IDENTIFIER=Intel64 Family 6 Model 158 Stepping 10, GenuineIntel



---------------  S Y S T E M  ---------------

OS: Windows 10 , 64 bit Build 19041 (10.0.19041.1566)
OS uptime: 0 days 3:41 hours

CPU:total 12 (initial active 12) (6 cores per cpu, 2 threads per core) family 6 model 158 stepping 10, cmov, cx8, fxsr, mmx, sse, sse2, sse3, ssse3, sse4.1, sse4.2, popcnt, avx, avx2, aes, clmul, erms, 3dnowpref, lzcnt, ht, tsc, tscinvbit, bmi1, bmi2, adx, fma

Memory: 4k page, system-wide physical 8065M (248M free)
TotalPageFile size 12065M (AvailPageFile size 31M)
current process WorkingSet (physical memory assigned to process): 10M, peak: 10M
current process commit charge ("private bytes"): 64M, peak: 192M

vm_info: Java HotSpot(TM) 64-Bit Server VM (14.0.2+12-46) for windows-amd64 JRE (14.0.2+12-46), built on Jul  9 2020 00:35:52 by "mach5one" with MS VC++ 15.9 (VS2017)

END.
